Arguments: 
  C:\Program Files\nodejs\node.exe C:\Users\Hp\AppData\Roaming\npm\node_modules\yarn\bin\yarn.js add date-fns

PATH: 
  C:\Program Files\Git\mingw64\bin;C:\Program Files\Git\usr\bin;C:\Users\Hp\bin;C:\WINDOWS\system32;C:\WINDOWS;C:\WINDOWS\System32\Wbem;C:\WINDOWS\System32\WindowsPowerShell\v1.0;C:\WINDOWS\System32\OpenSSH;C:\Program Files\Git\cmd;C:\Program Files\nodejs;C:\Users\Hp\AppData\Local\Microsoft\WindowsApps;C:\Users\Hp\AppData\Local\Programs\Microsoft VS Code\bin;C:\Program Files\heroku\bin;C:\Users\Hp\AppData\Roaming\npm

Yarn version: 
  1.22.17

Node version: 
  16.13.1

Platform: 
  win32 x64

Trace: 
  Error: https://registry.yarnpkg.com/@mui/icons-material/-/icons-material-5.2.5.tgz: ESOCKETTIMEDOUT
      at ClientRequest.<anonymous> (C:\Users\Hp\AppData\Roaming\npm\node_modules\yarn\lib\cli.js:141510:19)
      at Object.onceWrapper (node:events:509:28)
      at ClientRequest.emit (node:events:390:28)
      at TLSSocket.emitRequestTimeout (node:_http_client:763:9)
      at Object.onceWrapper (node:events:509:28)
      at TLSSocket.emit (node:events:402:35)
      at TLSSocket.Socket._onTimeout (node:net:501:8)
      at listOnTimeout (node:internal/timers:557:17)
      at processTimers (node:internal/timers:500:7)

npm manifest: 
  {
    "name": "btc-company-ltd",
    "version": "0.1.0",
    "private": true,
    "dependencies": {
      "@emotion/react": "^11.5.0",
      "@emotion/styled": "^11.3.0",
      "@mui/icons-material": "^5.1.0",
      "@mui/lab": "^5.0.0-alpha.54",
      "@mui/material": "^5.1.0",
      "@mui/styled-engine-sc": "^5.1.0",
      "@mui/styles": "^5.1.0",
      "@testing-library/jest-dom": "^5.15.0",
      "@testing-library/react": "^11.2.7",
      "@testing-library/user-event": "^12.8.3",
      "firebase": "^9.4.1",
      "react": "^17.0.2",
      "react-dom": "^17.0.2",
      "react-rating": "^2.0.5",
      "react-router-dom": "^5.3.0",
      "react-scripts": "4.0.3",
      "styled-components": "^5.3.3",
      "web-vitals": "^1.1.2"
    },
    "scripts": {
      "start": "react-scripts start",
      "build": "react-scripts build",
      "test": "react-scripts test",
      "eject": "react-scripts eject"
    },
    "eslintConfig": {
      "extends": [
        "react-app",
        "react-app/jest"
      ]
    },
    "browserslist": {
      "production": [
        ">0.2%",
        "not dead",
        "not op_mini all"
      ],
      "development": [
        "last 1 chrome version",
        "last 1 firefox version",
        "last 1 safari version"
      ]
    }
  }

yarn manifest: 
  No manifest

Lockfile: 
  No lockfile
